Determining if the pthread_create exist failed with the following output:
Change Dir: /home/oiram/program/aircrack/build/CMakeFiles/CMakeTmp

Run Build Command:"/usr/bin/make" "cmTC_e0ef1/fast"
/usr/bin/make -f CMakeFiles/cmTC_e0ef1.dir/build.make CMakeFiles/cmTC_e0ef1.dir/build
make[1]: 进入目录“/home/oiram/program/aircrack/build/CMakeFiles/CMakeTmp”
Building C object CMakeFiles/cmTC_e0ef1.dir/CheckSymbolExists.c.o
/usr/bin/x86_64-linux-gnu-gcc-7    -o CMakeFiles/cmTC_e0ef1.dir/CheckSymbolExists.c.o   -c /home/oiram/program/aircrack/build/CMakeFiles/CMakeTmp/CheckSymbolExists.c
Linking C executable cmTC_e0ef1
/usr/local/bin/cmake -E cmake_link_script CMakeFiles/cmTC_e0ef1.dir/link.txt --verbose=1
/usr/bin/x86_64-linux-gnu-gcc-7      -rdynamic CMakeFiles/cmTC_e0ef1.dir/CheckSymbolExists.c.o  -o cmTC_e0ef1 
CMakeFiles/cmTC_e0ef1.dir/CheckSymbolExists.c.o：在函数‘main’中：
CheckSymbolExists.c:(.text+0x1b)：对‘pthread_create’未定义的引用
collect2: error: ld returned 1 exit status
CMakeFiles/cmTC_e0ef1.dir/build.make:86: recipe for target 'cmTC_e0ef1' failed
make[1]: *** [cmTC_e0ef1] Error 1
make[1]: 离开目录“/home/oiram/program/aircrack/build/CMakeFiles/CMakeTmp”
Makefile:121: recipe for target 'cmTC_e0ef1/fast' failed
make: *** [cmTC_e0ef1/fast] Error 2

File /home/oiram/program/aircrack/build/CMakeFiles/CMakeTmp/CheckSymbolExists.c:
/* */
#include <pthread.h>

int main(int argc, char** argv)
{
  (void)argv;
#ifndef pthread_create
  return ((int*)(&pthread_create))[argc];
#else
  (void)argc;
  return 0;
#endif
}

Determining if the function pthread_create exists in the pthreads failed with the following output:
Change Dir: /home/oiram/program/aircrack/build/CMakeFiles/CMakeTmp

Run Build Command:"/usr/bin/make" "cmTC_38f7f/fast"
/usr/bin/make -f CMakeFiles/cmTC_38f7f.dir/build.make CMakeFiles/cmTC_38f7f.dir/build
make[1]: 进入目录“/home/oiram/program/aircrack/build/CMakeFiles/CMakeTmp”
Building C object CMakeFiles/cmTC_38f7f.dir/CheckFunctionExists.c.o
/usr/bin/x86_64-linux-gnu-gcc-7   -DCHECK_FUNCTION_EXISTS=pthread_create   -o CMakeFiles/cmTC_38f7f.dir/CheckFunctionExists.c.o   -c /usr/local/share/cmake-3.12/Modules/CheckFunctionExists.c
Linking C executable cmTC_38f7f
/usr/local/bin/cmake -E cmake_link_script CMakeFiles/cmTC_38f7f.dir/link.txt --verbose=1
/usr/bin/x86_64-linux-gnu-gcc-7  -DCHECK_FUNCTION_EXISTS=pthread_create    -rdynamic CMakeFiles/cmTC_38f7f.dir/CheckFunctionExists.c.o  -o cmTC_38f7f -lpthreads 
/usr/bin/ld: 找不到 -lpthreads
collect2: error: ld returned 1 exit status
CMakeFiles/cmTC_38f7f.dir/build.make:86: recipe for target 'cmTC_38f7f' failed
make[1]: *** [cmTC_38f7f] Error 1
make[1]: 离开目录“/home/oiram/program/aircrack/build/CMakeFiles/CMakeTmp”
Makefile:121: recipe for target 'cmTC_38f7f/fast' failed
make: *** [cmTC_38f7f/fast] Error 2


